<?xml version="1.0" encoding="UTF-8"?>
<testsuite xmlns:xsi="http://www.w3.org/2001/XMLSchema-instance" xsi:noNamespaceSchemaLocation="https://maven.apache.org/surefire/maven-surefire-plugin/xsd/surefire-test-report.xsd" name="Lab2.AppTest" time="0.765" tests="23" errors="0" skipped="0" failures="0">
  <properties>
    <property name="sun.desktop" value="windows"/>
    <property name="awt.toolkit" value="sun.awt.windows.WToolkit"/>
    <property name="java.specification.version" value="11"/>
    <property name="sun.cpu.isalist" value="amd64"/>
    <property name="sun.jnu.encoding" value="Cp1252"/>
    <property name="java.class.path" value="C:\Users\costi\Desktop\ssvv\lab2_inclass\SSVV-master\target\test-classes;C:\Users\costi\Desktop\ssvv\lab2_inclass\SSVV-master\target\classes;C:\Users\costi\.m2\repository\junit\junit\4.11\junit-4.11.jar;C:\Users\costi\.m2\repository\org\hamcrest\hamcrest-core\1.3\hamcrest-core-1.3.jar;"/>
    <property name="java.vm.vendor" value="Oracle Corporation"/>
    <property name="sun.arch.data.model" value="64"/>
    <property name="user.variant" value=""/>
    <property name="java.vendor.url" value="http://java.oracle.com/"/>
    <property name="user.timezone" value="Europe/Athens"/>
    <property name="user.country.format" value="RO"/>
    <property name="java.vm.specification.version" value="11"/>
    <property name="os.name" value="Windows 10"/>
    <property name="sun.java.launcher" value="SUN_STANDARD"/>
    <property name="user.country" value="US"/>
    <property name="sun.boot.library.path" value="C:\Program Files\Java\jdk-11.0.2\bin"/>
    <property name="sun.java.command" value="C:\Users\costi\AppData\Local\Temp\surefire15933575761261048533\surefirebooter9263101038941362084.jar C:\Users\costi\AppData\Local\Temp\surefire15933575761261048533 2020-05-20T15-12-00_119-jvmRun1 surefire6215001023126271484tmp surefire_015425558638506491697tmp"/>
    <property name="jdk.debug" value="release"/>
    <property name="surefire.test.class.path" value="C:\Users\costi\Desktop\ssvv\lab2_inclass\SSVV-master\target\test-classes;C:\Users\costi\Desktop\ssvv\lab2_inclass\SSVV-master\target\classes;C:\Users\costi\.m2\repository\junit\junit\4.11\junit-4.11.jar;C:\Users\costi\.m2\repository\org\hamcrest\hamcrest-core\1.3\hamcrest-core-1.3.jar;"/>
    <property name="sun.cpu.endian" value="little"/>
    <property name="user.home" value="C:\Users\costi"/>
    <property name="user.language" value="en"/>
    <property name="java.specification.vendor" value="Oracle Corporation"/>
    <property name="java.version.date" value="2019-01-15"/>
    <property name="idea.version2019.2.2" value="true"/>
    <property name="java.home" value="C:\Program Files\Java\jdk-11.0.2"/>
    <property name="file.separator" value="\"/>
    <property name="basedir" value="C:\Users\costi\Desktop\ssvv\lab2_inclass\SSVV-master"/>
    <property name="java.vm.compressedOopsMode" value="32-bit"/>
    <property name="line.separator" value="&#10;"/>
    <property name="java.specification.name" value="Java Platform API Specification"/>
    <property name="java.vm.specification.vendor" value="Oracle Corporation"/>
    <property name="java.awt.graphicsenv" value="sun.awt.Win32GraphicsEnvironment"/>
    <property name="surefire.real.class.path" value="C:\Users\costi\AppData\Local\Temp\surefire15933575761261048533\surefirebooter9263101038941362084.jar"/>
    <property name="user.script" value=""/>
    <property name="sun.management.compiler" value="HotSpot 64-Bit Tiered Compilers"/>
    <property name="java.runtime.version" value="11.0.2+9-LTS"/>
    <property name="user.name" value="costi"/>
    <property name="path.separator" value=";"/>
    <property name="os.version" value="10.0"/>
    <property name="java.runtime.name" value="Java(TM) SE Runtime Environment"/>
    <property name="file.encoding" value="Cp1252"/>
    <property name="java.vm.name" value="Java HotSpot(TM) 64-Bit Server VM"/>
    <property name="java.vendor.version" value="18.9"/>
    <property name="localRepository" value="C:\Users\costi\.m2\repository"/>
    <property name="java.vendor.url.bug" value="http://bugreport.java.com/bugreport/"/>
    <property name="java.io.tmpdir" value="C:\Users\costi\AppData\Local\Temp\"/>
    <property name="java.version" value="11.0.2"/>
    <property name="user.dir" value="C:\Users\costi\Desktop\ssvv\lab2_inclass\SSVV-master"/>
    <property name="os.arch" value="amd64"/>
    <property name="java.vm.specification.name" value="Java Virtual Machine Specification"/>
    <property name="java.awt.printerjob" value="sun.awt.windows.WPrinterJob"/>
    <property name="user.language.format" value="ro"/>
    <property name="sun.os.patch.level" value=""/>
    <property name="java.library.path" value="C:\Program Files\Java\jdk-11.0.2\bin;C:\WINDOWS\Sun\Java\bin;C:\WINDOWS\system32;C:\WINDOWS;C:\Python27\;C:\Python27\Scripts;C:\Program Files (x86)\Common Files\Oracle\Java\javapath;C:\WINDOWS\system32;C:\WINDOWS;C:\WINDOWS\System32\Wbem;C:\WINDOWS\System32\WindowsPowerShell\v1.0\;C:\Program Files (x86)\MySQL\MySQL Utilities 1.6\;C:\Program Files\Microsoft SQL Server\Client SDK\ODBC\130\Tools\Binn\;C:\Program Files (x86)\Microsoft SQL Server\140\Tools\Binn\;C:\Program Files\Microsoft SQL Server\140\Tools\Binn\;C:\Program Files\Microsoft SQL Server\140\DTS\Binn\;C:\WINDOWS\System32\OpenSSH\;C:\Program Files (x86)\Microsoft SQL Server\Client SDK\ODBC\130\Tools\Binn\;C:\Program Files (x86)\Microsoft SQL Server\140\DTS\Binn\;C:\Program Files\Microsoft SQL Server\130\Tools\Binn\;C:\Program Files\dotnet\;C:\Program Files\nodejs\;C:\ProgramData\chocolatey\bin;C:\TDM-GCC-64\bin;C:\Program Files\Git\cmd;C:\Program Files\PuTTY\;C:\Program Files (x86)\Microsoft SQL Server\140\Tools\Binn\ManagementStudio\;C:\Users\costi\AppData\Local\Microsoft\WindowsApps;C:\Users\costi\AppData\Local\GitHubDesktop\bin;C:\Program Files\JetBrains\IntelliJ IDEA 2019.1.3\bin;C:\Users\costi\AppData\Roaming\npm;C:\Users\costi\AppData\Local\Programs\Microsoft VS Code\bin;C:\Users\costi\AppData\Local\Microsoft\WindowsApps;C:\Users\costi\AppData\Local\Android\Sdk\platform-tools;C:\Users\costi\.dotnet\tools;C:\flutter\bin;C:\Users\costi\AppData\Local\Programs\Python\Python37-32;C:\Users\costi\AppData\Local\Programs\Python\Python37-32\Scripts;C:\Users\costi\AppData\Local\Programs\MiKTeX 2.9\miktex\bin\x64\;."/>
    <property name="java.vendor" value="Oracle Corporation"/>
    <property name="java.vm.info" value="mixed mode"/>
    <property name="java.vm.version" value="11.0.2+9-LTS"/>
    <property name="sun.io.unicode.encoding" value="UnicodeLittle"/>
    <property name="java.class.version" value="55.0"/>
  </properties>
  <testcase name="testAddStudentNameEmpty" classname="Lab2.AppTest" time="0.314"/>
  <testcase name="testAddStudentNameNull" classname="Lab2.AppTest" time="0.034"/>
  <testcase name="shouldAnswerWithTrue" classname="Lab2.AppTest" time="0.024"/>
  <testcase name="testAddStudentToRepository" classname="Lab2.AppTest" time="0.022"/>
  <testcase name="testAddStudentGroupValid" classname="Lab2.AppTest" time="0.02"/>
  <testcase name="testAddTemaToRepository" classname="Lab2.AppTest" time="0.012"/>
  <testcase name="testAddAssignmentValidatorStartLine" classname="Lab2.AppTest" time="0.017"/>
  <testcase name="testAddAssignmentValidatorDescriptionEmpty" classname="Lab2.AppTest" time="0.014"/>
  <testcase name="testAddAssignmentValidatorDescriptionValid" classname="Lab2.AppTest" time="0.023"/>
  <testcase name="testAddStudentGroupSmallInvalid" classname="Lab2.AppTest" time="0.035"/>
  <testcase name="testAddAssignmentValidatorDeadline1" classname="Lab2.AppTest" time="0.014"/>
  <testcase name="testAddAssignmentValidatorDeadline2" classname="Lab2.AppTest" time="0.011"/>
  <testcase name="testAddAssignmentValidatorDeadline3" classname="Lab2.AppTest" time="0.015"/>
  <testcase name="testAddAssignmentInvalid" classname="Lab2.AppTest" time="0.014"/>
  <testcase name="testAddAssignmentService" classname="Lab2.AppTest" time="0.012"/>
  <testcase name="testAddTemaDuplicateId" classname="Lab2.AppTest" time="0.008"/>
  <testcase name="testAddStudentIdEmpty" classname="Lab2.AppTest" time="0.01"/>
  <testcase name="testAddStudentGroupLargeInvalid" classname="Lab2.AppTest" time="0.011"/>
  <testcase name="testAddfileRepository2" classname="Lab2.AppTest" time="0.015"/>
  <testcase name="testAddAssignmentValidatorDescriptionNull" classname="Lab2.AppTest" time="0.015"/>
  <testcase name="testAddfileRepository2Duplicate" classname="Lab2.AppTest" time="0.012"/>
  <testcase name="testAddStudentDuplicateId" classname="Lab2.AppTest" time="0.01"/>
  <testcase name="testAddStudentIdNull" classname="Lab2.AppTest" time="0.012"/>
</testsuite>